2013/01/03 18:29:12 [error] [exception.CException] exception 'CException' with message 'RoomClientController cannot find the requested view "index".' in G:\GitHub\yii\framework\web\CController.php:878
Stack trace:
#0 G:\GitHub\yii\framework\web\CController.php(782): CController->renderPartial('index', Array, true)
#1 G:\GitHub\travelagency\protected\controllers\RoomClientController.php(165): CController->render('index', Array)
#2 G:\GitHub\yii\framework\web\actions\CInlineAction.php(49): RoomClientController->actionIndex()
#3 G:\GitHub\yii\framework\web\CController.php(308): CInlineAction->runWithParams(Array)
#4 G:\GitHub\yii\framework\web\filters\CFilterChain.php(133): CController->runAction(Object(CInlineAction))
#5 G:\GitHub\yii\framework\web\filters\CFilter.php(40): CFilterChain->run()
#6 G:\GitHub\travelagency\protected\modules\rights\components\RController.php(36): CFilter->filter(Object(CFilterChain))
#7 G:\GitHub\yii\framework\web\filters\CInlineFilter.php(58): RController->filterRights(Object(CFilterChain))
#8 G:\GitHub\yii\framework\web\filters\CFilterChain.php(130): CInlineFilter->filter(Object(CFilterChain))
#9 G:\GitHub\yii\framework\web\CController.php(291): CFilterChain->run()
#10 G:\GitHub\yii\framework\web\CController.php(265): CController->runActionWithFilters(Object(CInlineAction), Array)
#11 G:\GitHub\yii\framework\web\CWebApplication.php(282): CController->run('index')
#12 G:\GitHub\yii\framework\web\CWebApplication.php(141): CWebApplication->runController('roomClient/inde...')
#13 G:\GitHub\yii\framework\base\CApplication.php(169): CWebApplication->processRequest()
#14 g:\GitHub\travelagency\index.php(13): CApplication->run()
#15 {main}
REQUEST_URI=/index.php?r=roomClient/index
HTTP_REFERER=http://kamran.dev.travelagancy.com:81/index.php?r=roomClient/view&id=2
---
